<?xml version="1.0" encoding="UTF-8"?>
<!-- Generated by org.testng.reporters.JUnitReportReporter -->
<testsuite hostname="DESKTOP-RGOREQ1" failures="0" tests="1" name="TestNGBatchtesting.Asian" time="10.910" errors="0" timestamp="2024-01-26T11:36:22 IST" skipped="0">
  <testcase classname="TestNGBatchtesting.Asian" name="asian" time="10.910"/>
</testsuite> <!-- TestNGBatchtesting.Asian -->
