<?xml version="1.0" encoding="UTF-8"?>
<!-- Generated by org.testng.reporters.JUnitReportReporter -->
<testsuite hostname="DESKTOP-RGOREQ1" failures="0" tests="1" name="TestngBPG1.Ktm" time="10.099" errors="0" timestamp="2024-01-26T10:37:25 IST" skipped="0">
  <testcase classname="TestngBPG1.Ktm" name="ktm" time="10.099"/>
</testsuite> <!-- TestngBPG1.Ktm -->
