<?xml version="1.0" encoding="UTF-8"?>
<!-- Generated by org.testng.reporters.JUnitReportReporter -->
<testsuite hostname="DESKTOP-RGOREQ1" failures="0" tests="1" name="TestNg_Ex.Test_NG_And_mainmethod" time="12.569" errors="0" timestamp="2024-01-24T19:12:14 IST" skipped="0">
  <testcase classname="TestNg_Ex.Test_NG_And_mainmethod" name="RoleyAndfield" time="12.569"/>
</testsuite> <!-- TestNg_Ex.Test_NG_And_mainmethod -->
