<?xml version="1.0" encoding="UTF-8"?>
<!-- Generated by org.testng.reporters.JUnitReportReporter -->
<testsuite hostname="DESKTOP-RGOREQ1" failures="0" tests="1" name="TestNGBatchtesting.Bata" time="14.063" errors="0" timestamp="2024-01-26T11:36:22 IST" skipped="0">
  <testcase classname="TestNGBatchtesting.Bata" name="bata" time="14.063"/>
</testsuite> <!-- TestNGBatchtesting.Bata -->
