<?xml version="1.0" encoding="UTF-8"?>
<!-- Generated by org.testng.reporters.JUnitReportReporter -->
<testsuite hostname="DESKTOP-RGOREQ1" failures="0" tests="2" name="TestNg_Ex.Test_ng_exicution_wo_main_methods" time="0.017" errors="0" timestamp="2024-01-24T17:37:13 IST" skipped="0">
  <testcase classname="TestNg_Ex.Test_ng_exicution_wo_main_methods" name="dws" time="0.014">
    <system-out>
      <![CDATA[dws]]>
    </system-out>
  </testcase> <!-- dws -->
  <testcase classname="TestNg_Ex.Test_ng_exicution_wo_main_methods" name="test1" time="0.003"/>
  <system-out>
    <![CDATA[dws]]>
  </system-out>
</testsuite> <!-- TestNg_Ex.Test_ng_exicution_wo_main_methods -->
