<?xml version="1.0" encoding="UTF-8"?>
<!-- Generated by org.testng.reporters.JUnitReportReporter -->
<testsuite hostname="DESKTOP-RGOREQ1" failures="0" tests="1" name="TestNGBatchtesting.Puma" time="9.789" errors="0" timestamp="2024-01-26T10:37:25 IST" skipped="0">
  <testcase classname="TestNGBatchtesting.Puma" name="puma" time="9.789"/>
</testsuite> <!-- TestNGBatchtesting.Puma -->
