<?xml version="1.0" encoding="UTF-8"?>
<!-- Generated by org.testng.reporters.JUnitReportReporter -->
<testsuite hostname="DESKTOP-RGOREQ1" failures="0" tests="1" name="TestNGBatchtesting.Woodland" time="10.592" errors="0" timestamp="2024-01-26T10:37:25 IST" skipped="0">
  <testcase classname="TestNGBatchtesting.Woodland" name="woodland" time="10.592"/>
</testsuite> <!-- TestNGBatchtesting.Woodland -->
