<?xml version="1.0" encoding="UTF-8"?>
<!-- Generated by org.testng.reporters.JUnitReportReporter -->
<testsuite hostname="DESKTOP-RGOREQ1" failures="0" tests="1" name="TestngBPG1.Honda" time="11.464" errors="0" timestamp="2024-01-26T10:37:25 IST" skipped="0">
  <testcase classname="TestngBPG1.Honda" name="honda" time="11.464"/>
</testsuite> <!-- TestngBPG1.Honda -->
